<?xml version="1.0" encoding="UTF-8"?>
<!-- Generated by org.testng.reporters.JUnitXMLReporter -->
<testsuite hostname="Apps-MacBook-Pro.local" ignored="0" name="Default test" tests="7" failures="0" timestamp="2020-07-03T11:31:35 IST" time="38.422" errors="0">
  <testcase name="GotoWeatherPage" time="35.312" classname="com.blaze.qa.testNgFiles.WeatherDatavarification2"/>
  <testcase name="VerifySelectedCityinSearchBox" time="0.387" classname="com.blaze.qa.testNgFiles.WeatherDatavarification2"/>
  <testcase name="VerifySelectCityWithTemp" time="0.11" classname="com.blaze.qa.testNgFiles.WeatherDatavarification2"/>
  <testcase name="verifyPopupLocationAvailabel" time="1.66" classname="com.blaze.qa.testNgFiles.WeatherDatavarification2"/>
  <testcase name="getWeahterDetailsinWeb" time="0.3" classname="com.blaze.qa.testNgFiles.WeatherDatavarification2"/>
  <testcase name="getWeahterDetailsinAPI" time="0.538" classname="com.blaze.qa.testNgFiles.WeatherDatavarification2"/>
  <testcase name="VerifyDatasAreMatch" time="0.003" classname="com.blaze.qa.testNgFiles.WeatherDatavarification2"/>
</testsuite> <!-- Default test -->
