<?xml version="1.0" encoding="UTF-8"?>
<testng-results skipped="0" failed="0" ignored="0" total="7" passed="7">
  <reporter-output>
    <line>
      <![CDATA[Browser initialization]]>
    </line>
    <line>
      <![CDATA[Browser sucessfully launched]]>
    </line>
    <line>
      <![CDATA[Preparing for weather Page launching]]>
    </line>
    <line>
      <![CDATA[waether page verified]]>
    </line>
    <line>
      <![CDATA[Expected location available in search box]]>
    </line>
    <line>
      <![CDATA[Expected location temperature available in Popup]]>
    </line>
  </reporter-output>
  <suite name="Default suite" duration-ms="38422" started-at="2020-07-03T11:30:57 IST" finished-at="2020-07-03T11:31:35 IST">
    <groups>
    </groups>
    <test name="Default test" duration-ms="38422" started-at="2020-07-03T11:30:57 IST" finished-at="2020-07-03T11:31:35 IST">
      <class name="com.blaze.qa.testNgFiles.WeatherDatavarification2">
        <test-method status="PASS" signature="setUp()[pri:0, instance:com.blaze.qa.testNgFiles.WeatherDatavarification2@34cd072c]" name="setUp" is-config="true" duration-ms="5845" started-at="2020-07-03T11:30:51 IST" finished-at="2020-07-03T11:30:57 IST">
          <reporter-output>
            <line>
              <![CDATA[Browser initialization]]>
            </line>
            <line>
              <![CDATA[Browser sucessfully launched]]>
            </line>
          </reporter-output>
        </test-method> <!-- setUp -->
        <test-method status="PASS" signature="GotoWeatherPage()[pri:1, instance:com.blaze.qa.testNgFiles.WeatherDatavarification2@34cd072c]" name="GotoWeatherPage" duration-ms="35312" started-at="2020-07-03T11:30:57 IST" finished-at="2020-07-03T11:31:32 IST">
          <reporter-output>
            <line>
              <![CDATA[Preparing for weather Page launching]]>
            </line>
            <line>
              <![CDATA[waether page verified]]>
            </line>
          </reporter-output>
        </test-method> <!-- GotoWeatherPage -->
        <test-method status="PASS" signature="VerifySelectedCityinSearchBox()[pri:2, instance:com.blaze.qa.testNgFiles.WeatherDatavarification2@34cd072c]" name="VerifySelectedCityinSearchBox" duration-ms="387" started-at="2020-07-03T11:31:32 IST" finished-at="2020-07-03T11:31:33 IST">
          <reporter-output>
            <line>
              <![CDATA[Expected location available in search box]]>
            </line>
          </reporter-output>
        </test-method> <!-- VerifySelectedCityinSearchBox -->
        <test-method status="PASS" signature="VerifySelectCityWithTemp()[pri:3, instance:com.blaze.qa.testNgFiles.WeatherDatavarification2@34cd072c]" name="VerifySelectCityWithTemp" duration-ms="110" started-at="2020-07-03T11:31:33 IST" finished-at="2020-07-03T11:31:33 IST">
          <reporter-output>
            <line>
              <![CDATA[Expected location temperature available in Popup]]>
            </line>
          </reporter-output>
        </test-method> <!-- VerifySelectCityWithTemp -->
        <test-method status="PASS" signature="verifyPopupLocationAvailabel()[pri:5, instance:com.blaze.qa.testNgFiles.WeatherDatavarification2@34cd072c]" name="verifyPopupLocationAvailabel" duration-ms="1660" started-at="2020-07-03T11:31:33 IST" finished-at="2020-07-03T11:31:35 IST">
          <reporter-output>
          </reporter-output>
        </test-method> <!-- verifyPopupLocationAvailabel -->
        <test-method status="PASS" signature="getWeahterDetailsinWeb()[pri:6, instance:com.blaze.qa.testNgFiles.WeatherDatavarification2@34cd072c]" name="getWeahterDetailsinWeb" duration-ms="300" started-at="2020-07-03T11:31:35 IST" finished-at="2020-07-03T11:31:35 IST">
          <reporter-output>
          </reporter-output>
        </test-method> <!-- getWeahterDetailsinWeb -->
        <test-method status="PASS" signature="getWeahterDetailsinAPI()[pri:7, instance:com.blaze.qa.testNgFiles.WeatherDatavarification2@34cd072c]" name="getWeahterDetailsinAPI" duration-ms="538" started-at="2020-07-03T11:31:35 IST" finished-at="2020-07-03T11:31:35 IST">
          <reporter-output>
          </reporter-output>
        </test-method> <!-- getWeahterDetailsinAPI -->
        <test-method status="PASS" signature="VerifyDatasAreMatch()[pri:8, instance:com.blaze.qa.testNgFiles.WeatherDatavarification2@34cd072c]" name="VerifyDatasAreMatch" duration-ms="3" started-at="2020-07-03T11:31:35 IST" finished-at="2020-07-03T11:31:35 IST">
          <reporter-output>
          </reporter-output>
        </test-method> <!-- VerifyDatasAreMatch -->
        <test-method status="PASS" signature="tearDown()[pri:0, instance:com.blaze.qa.testNgFiles.WeatherDatavarification2@34cd072c]" name="tearDown" is-config="true" duration-ms="284" started-at="2020-07-03T11:31:35 IST" finished-at="2020-07-03T11:31:36 IST">
          <reporter-output>
          </reporter-output>
        </test-method> <!-- tearDown -->
      </class> <!-- com.blaze.qa.testNgFiles.WeatherDatavarification2 -->
    </test> <!-- Default test -->
  </suite> <!-- Default suite -->
</testng-results>
